/*C5*/SET SCHEMA PUBLIC
CONNECT USER SA
SET AUTOCOMMIT FALSE
SET AUTOCOMMIT TRUE
SET AUTOCOMMIT FALSE
DISCONNECT
/*C6*/SET SCHEMA PUBLIC
CONNECT USER SA
SET AUTOCOMMIT FALSE
SET AUTOCOMMIT TRUE
SET AUTOCOMMIT FALSE
DISCONNECT
/*C7*/SET SCHEMA PUBLIC
CONNECT USER SA
SET AUTOCOMMIT FALSE
SET AUTOCOMMIT TRUE
SET AUTOCOMMIT FALSE
/*C8*/SET SCHEMA PUBLIC
CONNECT USER SA
SET AUTOCOMMIT FALSE
SET AUTOCOMMIT TRUE
SET AUTOCOMMIT FALSE
DISCONNECT
/*C7*/DISCONNECT
/*C9*/SET SCHEMA PUBLIC
CONNECT USER SA
SET AUTOCOMMIT FALSE
SET AUTOCOMMIT TRUE
SET AUTOCOMMIT FALSE
DISCONNECT
/*C10*/SET SCHEMA PUBLIC
CONNECT USER SA
SET AUTOCOMMIT FALSE
SET AUTOCOMMIT TRUE
SET AUTOCOMMIT FALSE
DISCONNECT
/*C11*/SET SCHEMA PUBLIC
CONNECT USER SA
SET AUTOCOMMIT FALSE
SET AUTOCOMMIT TRUE
SET AUTOCOMMIT FALSE
/*C12*/SET SCHEMA PUBLIC
CONNECT USER SA
SET AUTOCOMMIT FALSE
SET AUTOCOMMIT TRUE
SET AUTOCOMMIT FALSE
/*C11*/DISCONNECT
/*C12*/DISCONNECT
/*C13*/SET SCHEMA PUBLIC
CONNECT USER SA
SET AUTOCOMMIT FALSE
SET AUTOCOMMIT TRUE
SET AUTOCOMMIT FALSE
DELETE FROM ACTIVITIES WHERE ID=2
COMMIT
DISCONNECT
/*C14*/SET SCHEMA PUBLIC
CONNECT USER SA
SET AUTOCOMMIT FALSE
SET AUTOCOMMIT TRUE
SET AUTOCOMMIT FALSE
INSERT INTO ACTIVITIES VALUES(2,'2014-02-12','Sortie6','',500,'ssssssssssssssss','SKI')
COMMIT
DELETE FROM ACTIVITIES WHERE ID=1
COMMIT
INSERT INTO ACTIVITIES VALUES(3,'2014-02-12','Sortie6','',500,'ssssssssssssssss','SKI')
COMMIT
DELETE FROM ACTIVITIES WHERE ID=3
COMMIT
DISCONNECT
/*C15*/SET SCHEMA PUBLIC
CONNECT USER SA
SET AUTOCOMMIT FALSE
SET AUTOCOMMIT TRUE
SET AUTOCOMMIT FALSE
INSERT INTO ACTIVITIES VALUES(3,'2014-02-04','Sortie 8','',1000000,'sddddfs sdf dsf','SKI')
COMMIT
DELETE FROM ACTIVITIES WHERE ID=2
COMMIT
/*C16*/SET SCHEMA PUBLIC
CONNECT USER SA
SET AUTOCOMMIT FALSE
SET AUTOCOMMIT TRUE
SET AUTOCOMMIT FALSE
DELETE FROM ACTIVITIES WHERE ID=3
COMMIT
/*C17*/SET SCHEMA PUBLIC
CONNECT USER SA
SET AUTOCOMMIT FALSE
SET AUTOCOMMIT TRUE
SET AUTOCOMMIT FALSE
INSERT INTO ACTIVITIES VALUES(1,'2014-02-06','Sortie n1','',10,'sdf ','SKI')
COMMIT
INSERT INTO ACTIVITIES VALUES(2,'2014-02-27','Sortie n2','',40,'ceci est un commentaire','SKI')
COMMIT
DELETE FROM ACTIVITIES WHERE ID=1
COMMIT
DISCONNECT
/*C16*/DISCONNECT
/*C15*/DISCONNECT
/*C18*/SET SCHEMA PUBLIC
CONNECT USER SA
SET AUTOCOMMIT FALSE
SET AUTOCOMMIT TRUE
SET AUTOCOMMIT FALSE
INSERT INTO ACTIVITIES VALUES(3,'2014-02-14','Sortie n4','',2000,'Ceci est un autre commentaire.','SKI')
COMMIT
DISCONNECT
/*C19*/SET SCHEMA PUBLIC
CONNECT USER SA
SET AUTOCOMMIT FALSE
SET AUTOCOMMIT TRUE
SET AUTOCOMMIT FALSE
DELETE FROM ACTIVITIES WHERE ID=2
COMMIT
DISCONNECT
/*C20*/SET SCHEMA PUBLIC
CONNECT USER SA
SET AUTOCOMMIT FALSE
SET AUTOCOMMIT TRUE
SET AUTOCOMMIT FALSE
/*C21*/SET SCHEMA PUBLIC
CONNECT USER SA
SET AUTOCOMMIT FALSE
SET AUTOCOMMIT TRUE
SET AUTOCOMMIT FALSE
INSERT INTO ACTIVITIES VALUES(4,'2014-03-12','Sortie 10','',500,'nouveau comment','SKI')
COMMIT
/*C22*/SET SCHEMA PUBLIC
CONNECT USER SA
SET AUTOCOMMIT FALSE
SET AUTOCOMMIT TRUE
SET AUTOCOMMIT FALSE
/*C21*/DISCONNECT
/*C22*/DISCONNECT
/*C20*/DISCONNECT
/*C23*/SET SCHEMA PUBLIC
CONNECT USER SA
SET AUTOCOMMIT FALSE
SET AUTOCOMMIT TRUE
SET AUTOCOMMIT FALSE
/*C24*/SET SCHEMA PUBLIC
CONNECT USER SA
SET AUTOCOMMIT FALSE
SET AUTOCOMMIT TRUE
SET AUTOCOMMIT FALSE
/*C25*/SET SCHEMA PUBLIC
CONNECT USER SA
SET AUTOCOMMIT FALSE
SET AUTOCOMMIT TRUE
SET AUTOCOMMIT FALSE
DISCONNECT
/*C23*/DISCONNECT
/*C24*/DISCONNECT
/*C26*/SET SCHEMA PUBLIC
CONNECT USER SA
SET AUTOCOMMIT FALSE
SET AUTOCOMMIT TRUE
SET AUTOCOMMIT FALSE
/*C27*/SET SCHEMA PUBLIC
CONNECT USER SA
SET AUTOCOMMIT FALSE
SET AUTOCOMMIT TRUE
SET AUTOCOMMIT FALSE
/*C28*/SET SCHEMA PUBLIC
CONNECT USER SA
SET AUTOCOMMIT FALSE
SET AUTOCOMMIT TRUE
SET AUTOCOMMIT FALSE
DISCONNECT
/*C26*/DISCONNECT
/*C27*/DISCONNECT
/*C29*/SET SCHEMA PUBLIC
CONNECT USER SA
SET AUTOCOMMIT FALSE
SET AUTOCOMMIT TRUE
SET AUTOCOMMIT FALSE
/*C30*/SET SCHEMA PUBLIC
CONNECT USER SA
SET AUTOCOMMIT FALSE
SET AUTOCOMMIT TRUE
SET AUTOCOMMIT FALSE
/*C31*/SET SCHEMA PUBLIC
CONNECT USER SA
SET AUTOCOMMIT FALSE
SET AUTOCOMMIT TRUE
SET AUTOCOMMIT FALSE
DISCONNECT
/*C29*/DISCONNECT
/*C30*/DISCONNECT
/*C32*/SET SCHEMA PUBLIC
CONNECT USER SA
SET AUTOCOMMIT FALSE
SET AUTOCOMMIT TRUE
SET AUTOCOMMIT FALSE
DELETE FROM ACTIVITIES WHERE ID=4
INSERT INTO ACTIVITIES VALUES(4,'2014-03-12','Sortie 10','',600,'nouveau comment','SKI')
COMMIT
DELETE FROM ACTIVITIES WHERE ID=4
INSERT INTO ACTIVITIES VALUES(4,'2014-03-12','Sortie 10','',90,'nouveau comment','SKI')
COMMIT
INSERT INTO ACTIVITIES VALUES(5,'2014-02-20','Sortie n','',20,'fg','SKI')
COMMIT
INSERT INTO ACTIVITIES VALUES(6,'2014-02-02','sortie x','',10,'s','SKI')
COMMIT
DELETE FROM ACTIVITIES WHERE ID=4
INSERT INTO ACTIVITIES VALUES(4,'2014-03-12','Sortie 10','',100,'nouveau comment','SKI')
COMMIT
/*C33*/SET SCHEMA PUBLIC
CONNECT USER SA
SET AUTOCOMMIT FALSE
SET AUTOCOMMIT TRUE
SET AUTOCOMMIT FALSE
/*C34*/SET SCHEMA PUBLIC
CONNECT USER SA
SET AUTOCOMMIT FALSE
SET AUTOCOMMIT TRUE
SET AUTOCOMMIT FALSE
INSERT INTO ACTIVITIES VALUES(7,'2014-02-26','Sortie mass','Chablais',40,'sortie aravis','SKI')
COMMIT
DELETE FROM ACTIVITIES WHERE ID=7
INSERT INTO ACTIVITIES VALUES(7,'2014-02-26','Sortie mass','Aravis',40,'sortie aravis','SKI')
COMMIT
DELETE FROM ACTIVITIES WHERE ID=4
COMMIT
DELETE FROM ACTIVITIES WHERE ID=3
COMMIT
DELETE FROM ACTIVITIES WHERE ID=5
COMMIT
/*C33*/DISCONNECT
/*C32*/DISCONNECT
/*C34*/DISCONNECT
/*C35*/SET SCHEMA PUBLIC
CONNECT USER SA
SET AUTOCOMMIT FALSE
SET AUTOCOMMIT TRUE
SET AUTOCOMMIT FALSE
DISCONNECT
/*C36*/SET SCHEMA PUBLIC
CONNECT USER SA
SET AUTOCOMMIT FALSE
SET AUTOCOMMIT TRUE
SET AUTOCOMMIT FALSE
DISCONNECT
/*C37*/SET SCHEMA PUBLIC
CONNECT USER SA
SET AUTOCOMMIT FALSE
SET AUTOCOMMIT TRUE
SET AUTOCOMMIT FALSE
/*C38*/SET SCHEMA PUBLIC
CONNECT USER SA
SET AUTOCOMMIT FALSE
SET AUTOCOMMIT TRUE
SET AUTOCOMMIT FALSE
DISCONNECT
/*C37*/DISCONNECT
/*C39*/SET SCHEMA PUBLIC
CONNECT USER SA
SET AUTOCOMMIT FALSE
SET AUTOCOMMIT TRUE
SET AUTOCOMMIT FALSE
INSERT INTO ACTIVITIES VALUES(8,'2013-12-16','Sortie 2013 1','Aravis',100,'100 d+','SKI')
COMMIT
INSERT INTO ACTIVITIES VALUES(9,'2013-12-19','Sortie 2013 2','Aravis',200,'200 D+','SKI')
COMMIT
/*C40*/SET SCHEMA PUBLIC
CONNECT USER SA
SET AUTOCOMMIT FALSE
SET AUTOCOMMIT TRUE
SET AUTOCOMMIT FALSE
DISCONNECT
/*C39*/DISCONNECT
/*C41*/SET SCHEMA PUBLIC
CONNECT USER SA
SET AUTOCOMMIT FALSE
SET AUTOCOMMIT TRUE
SET AUTOCOMMIT FALSE
/*C42*/SET SCHEMA PUBLIC
CONNECT USER SA
SET AUTOCOMMIT FALSE
SET AUTOCOMMIT TRUE
SET AUTOCOMMIT FALSE
/*C41*/DISCONNECT
/*C42*/DISCONNECT
/*C43*/SET SCHEMA PUBLIC
CONNECT USER SA
SET AUTOCOMMIT FALSE
SET AUTOCOMMIT TRUE
SET AUTOCOMMIT FALSE
INSERT INTO ACTIVITIES VALUES(10,'2012-12-04','Sortie 2012','Aravis',10000,'grosse sortie','SKI')
COMMIT
/*C44*/SET SCHEMA PUBLIC
CONNECT USER SA
SET AUTOCOMMIT FALSE
SET AUTOCOMMIT TRUE
SET AUTOCOMMIT FALSE
/*C45*/SET SCHEMA PUBLIC
CONNECT USER SA
SET AUTOCOMMIT FALSE
SET AUTOCOMMIT TRUE
SET AUTOCOMMIT FALSE
/*C44*/DISCONNECT
/*C45*/DISCONNECT
/*C43*/DISCONNECT
/*C46*/SET SCHEMA PUBLIC
CONNECT USER SA
SET AUTOCOMMIT FALSE
SET AUTOCOMMIT TRUE
SET AUTOCOMMIT FALSE
DISCONNECT
/*C47*/SET SCHEMA PUBLIC
CONNECT USER SA
SET AUTOCOMMIT FALSE
SET AUTOCOMMIT TRUE
SET AUTOCOMMIT FALSE
/*C48*/SET SCHEMA PUBLIC
CONNECT USER SA
SET AUTOCOMMIT FALSE
SET AUTOCOMMIT TRUE
SET AUTOCOMMIT FALSE
/*C49*/SET SCHEMA PUBLIC
CONNECT USER SA
SET AUTOCOMMIT FALSE
SET AUTOCOMMIT TRUE
SET AUTOCOMMIT FALSE
DISCONNECT
/*C47*/DISCONNECT
/*C48*/DISCONNECT
/*C50*/SET SCHEMA PUBLIC
CONNECT USER SA
SET AUTOCOMMIT FALSE
SET AUTOCOMMIT TRUE
SET AUTOCOMMIT FALSE
/*C51*/SET SCHEMA PUBLIC
CONNECT USER SA
SET AUTOCOMMIT FALSE
SET AUTOCOMMIT TRUE
SET AUTOCOMMIT FALSE
/*C52*/SET SCHEMA PUBLIC
CONNECT USER SA
SET AUTOCOMMIT FALSE
SET AUTOCOMMIT TRUE
SET AUTOCOMMIT FALSE
DELETE FROM ACTIVITIES WHERE ID=8
INSERT INTO ACTIVITIES VALUES(8,'2013-12-16','Sortie 2013 1','Aravis',1000,'100 d+','SKI')
COMMIT
DELETE FROM ACTIVITIES WHERE ID=6
INSERT INTO ACTIVITIES VALUES(6,'2014-02-02','sortie x','Aravis',4000,'s','SKI')
COMMIT
DISCONNECT
/*C50*/DISCONNECT
/*C51*/DISCONNECT
/*C53*/SET SCHEMA PUBLIC
CONNECT USER SA
SET AUTOCOMMIT FALSE
SET AUTOCOMMIT TRUE
SET AUTOCOMMIT FALSE
DELETE FROM ACTIVITIES WHERE ID=10
COMMIT
DELETE FROM ACTIVITIES WHERE ID=8
COMMIT
DELETE FROM ACTIVITIES WHERE ID=9
COMMIT
DELETE FROM ACTIVITIES WHERE ID=6
COMMIT
DELETE FROM ACTIVITIES WHERE ID=7
COMMIT
INSERT INTO ACTIVITIES VALUES(1,'2012-02-02','Pointe de la Mandallaz','Aravis',1150,'Vide','SKI')
COMMIT
INSERT INTO ACTIVITIES VALUES(2,'2012-01-01','Mont sulens','Aravis',540,'-','SKI')
COMMIT
INSERT INTO ACTIVITIES VALUES(3,'2012-01-01','Sulens','Aravis',900,'-','SKI')
COMMIT
INSERT INTO ACTIVITIES VALUES(4,'2012-01-01','T\u00eate pelouse','Aravis',1100,'-','SKI')
COMMIT
INSERT INTO ACTIVITIES VALUES(5,'2012-01-01','La tournette','Aravis',1400,'-','SKI')
COMMIT
INSERT INTO ACTIVITIES VALUES(6,'2012-01-01','Pic du lac blanc','Aravis',1100,'-','SKI')
COMMIT
INSERT INTO ACTIVITIES VALUES(7,'2012-01-01','Mont Armenaz','Aravis',1300,'-','SKI')
COMMIT
INSERT INTO ACTIVITIES VALUES(8,'2012-01-01','Combe aux chevaux','Aravis',1100,'-','SKI')
COMMIT
INSERT INTO ACTIVITIES VALUES(9,'2012-01-01','Mont Colombier','Aravis',1000,'-','SKI')
COMMIT
INSERT INTO ACTIVITIES VALUES(10,'2012-01-01','Petite chaurionde','Aravis',1000,'-','SKI')
COMMIT
INSERT INTO ACTIVITIES VALUES(11,'2012-12-12','Goulette de l''Oule','Aravis',1500,'-','SKI')
COMMIT
INSERT INTO ACTIVITIES VALUES(12,'2012-01-01','Pic de la Grave','Aravis',1000,'-','SKI')
COMMIT
INSERT INTO ACTIVITIES VALUES(13,'2012-01-01','Cr\u00eat du Rey','Aravis',1650,'-','SKI')
COMMIT
INSERT INTO ACTIVITIES VALUES(14,'2012-12-02','Mont Mageriaz par les pistes ','Aravis',500,'-','SKI')
COMMIT
INSERT INTO ACTIVITIES VALUES(15,'2012-12-07','Grand Colombier ','Aravis',600,'Partis de l''appart un soir avec une grosse chute de neige','SKI')
COMMIT
INSERT INTO ACTIVITIES VALUES(16,'2012-12-09','Plan de la Limace','Aravis',800,'-','SKI')
COMMIT
INSERT INTO ACTIVITIES VALUES(17,'2012-12-24','Pointe d''Autigny','Aravis',700,'-','SKI')
COMMIT
INSERT INTO ACTIVITIES VALUES(18,'2012-12-27','Croix de l''Ecuelle','Aravis',700,'-','SKI')
COMMIT
INSERT INTO ACTIVITIES VALUES(19,'2012-12-29','Pointe de la Mandallaz','Aravis',1127,'-','SKI')
COMMIT
INSERT INTO ACTIVITIES VALUES(20,'2012-12-30','Combe aux chevaux','Aravis',700,'-','SKI')
COMMIT
INSERT INTO ACTIVITIES VALUES(21,'2012-12-31','Merlet par col du merlet (2j)','Aravis',2620,'"J1 :\u000d\u000aCol du merlet - refuge du merlet\u000d\u000arefuge du merlet - Montagne du cotau (point 2368) - refuge du merlet\u000d\u000aJ2 :\u000d\u000arefuge du merlet - col du merlet - chalet \u00abLa vieille route\u00bb - Le Croza"','SKI')
COMMIT
INSERT INTO ACTIVITIES VALUES(22,'2013-01-05','Croisse Baulet','Aravis',1116,'-','SKI')
COMMIT
INSERT INTO ACTIVITIES VALUES(23,'2013-12-06','Combe \u00e0 Marion','Aravis',890,'-','SKI')
COMMIT
INSERT INTO ACTIVITIES VALUES(24,'2013-01-12','Sous dine','Aravis',1000,'-','SKI')
COMMIT
INSERT INTO ACTIVITIES VALUES(25,'2013-01-13','Rocs des B\u0153ufs','Aravis',765,'-','SKI')
COMMIT
INSERT INTO ACTIVITIES VALUES(26,'2013-01-18','Les quartes t\u00eates','Aravis',1520,'-','SKI')
COMMIT
INSERT INTO ACTIVITIES VALUES(27,'2013-01-26','Trou de la pierre du Mont Blanc','Aravis',1300,'-','SKI')
COMMIT
INSERT INTO ACTIVITIES VALUES(28,'2013-01-27','Combe \u00e0 Marion','Aravis',1200,'-','SKI')
COMMIT
DELETE FROM ACTIVITIES WHERE ID=23
INSERT INTO ACTIVITIES VALUES(23,'2013-01-06','Combe \u00e0 Marion','Aravis',890,'-','SKI')
COMMIT
INSERT INTO ACTIVITIES VALUES(29,'2013-01-31','T\u00eate de la Sallaz','Aravis',700,'Pas de neige, couge de 2 cm de verglas environ','SKI')
COMMIT
INSERT INTO ACTIVITIES VALUES(30,'2013-01-09','L\u2019Etale - Par Combe Foiroux','Aravis',1792,'Arr\u00eat \u00e0 100m du col sans la moindre visibilit\u00e9 et des conditions de neige douteuses','SKI')
COMMIT
INSERT INTO ACTIVITIES VALUES(31,'2013-02-03','Pointe de la Carm\u00e9lite','Aravis',670,'"Arr\u00eat au niveau des chalets  (Le Planet 1666)\u000d\u000aRisque 3 \u00e0 4, neige poudreuse sur fond tr\u00e8s glac\u00e9e, aucune stabilit\u00e9, m\u00eame dans les pentes \u00e0 30\u00b0"','SKI')
COMMIT
DELETE FROM ACTIVITIES WHERE ID=30
INSERT INTO ACTIVITIES VALUES(30,'2013-02-09','L\u2019Etale - Par Combe Foiroux','Aravis',1792,'Arr\u00eat \u00e0 100m du col sans la moindre visibilit\u00e9 et des conditions de neige douteuses','SKI')
COMMIT
INSERT INTO ACTIVITIES VALUES(32,'2013-02-10','Mont Charvin','Aravis',1298,'-','SKI')
COMMIT
INSERT INTO ACTIVITIES VALUES(33,'2013-02-16','P\u00e9cloz - Couloir SW','Aravis',1515,'Tres bonne conditions pour faire le Pecloz. Beaucoup de monde, surtout dans la grande faille','SKI')
COMMIT
INSERT INTO ACTIVITIES VALUES(34,'2013-02-17','Dent d\u2019Arclusaz - Par col de la cochette','Aravis',1246,'Demi tour sur l\u2019arr\u00eate finale. Travers\u00e9e dangereuse, partie tard, la neige \u00e9tait trop mouill\u00e9e pour aller jusqu\u2019au sommet','SKI')
COMMIT
INSERT INTO ACTIVITIES VALUES(35,'2013-03-02','Selle du Puy Gris','Aravis',1912,'Nuit au refuge de l\u2019Oule','SKI')
COMMIT
INSERT INTO ACTIVITIES VALUES(36,'2013-03-03','Selle du Puy Gris','Aravis',1004,'D\u00e9part du refuge de l\u2019Oule pour faire l\u2019itin\u00e9raire en sens inverse de la veille','SKI')
COMMIT
INSERT INTO ACTIVITIES VALUES(37,'2013-03-16','Grande Sambuy en huit','Aravis',1720,'"D\u00e9part de la station, mont\u00e9e \u00e0 la Grande Sambuy en laissant les skis au pied du sommet (baucoup de cailloux et neige dur).\u000d\u000aRedescente par le Banc de la Linguale et remont\u00e9 sur la petite chaurionde. Puis descente directe sous le sommet"','SKI')
COMMIT
INSERT INTO ACTIVITIES VALUES(38,'2013-02-23','Coillu \u00e0 Bordel','Aravis',970,'Arr\u00eat en haut du couloir, le Chauchefoin n\u2019\u00e9tant pas en tr\u00e8s bonne condition (grosse coul\u00e9e dur) nous l\u2019avons fait en aller/retour','SKI')
COMMIT
DELETE FROM ACTIVITIES WHERE ID=38
INSERT INTO ACTIVITIES VALUES(38,'2013-03-23','Coillu \u00e0 Bordel','Aravis',970,'Arr\u00eat en haut du couloir, le Chauchefoin n\u2019\u00e9tant pas en tr\u00e8s bonne condition (grosse coul\u00e9e dur) nous l\u2019avons fait en aller/retour','SKI')
COMMIT
DISCONNECT
/*C54*/SET SCHEMA PUBLIC
CONNECT USER SA
SET AUTOCOMMIT FALSE
SET AUTOCOMMIT TRUE
SET AUTOCOMMIT FALSE
DISCONNECT
/*C55*/SET SCHEMA PUBLIC
CONNECT USER SA
SET AUTOCOMMIT FALSE
SET AUTOCOMMIT TRUE
SET AUTOCOMMIT FALSE
INSERT INTO ACTIVITIES VALUES(39,'2014-02-01','Sortie tests','Aravis',1000,'no comment','SKI')
COMMIT
DELETE FROM ACTIVITIES WHERE ID=39
COMMIT
INSERT INTO ACTIVITIES VALUES(40,'2014-02-07','Sortie tests','Aravis',40000,'fsdfsf','SKI')
COMMIT
DISCONNECT
/*C56*/SET SCHEMA PUBLIC
CONNECT USER SA
SET AUTOCOMMIT FALSE
SET AUTOCOMMIT TRUE
SET AUTOCOMMIT FALSE
DELETE FROM ACTIVITIES WHERE ID=40
COMMIT
INSERT INTO ACTIVITIES VALUES(39,'2014-02-08','Sortie ttt','Aravis',0,'','SKI')
COMMIT
INSERT INTO ACTIVITIES VALUES(40,'2014-02-08','qqqq','Aravis',0,'','SKI')
COMMIT
DELETE FROM ACTIVITIES WHERE ID=40
COMMIT
DELETE FROM ACTIVITIES WHERE ID=39
COMMIT
/*C57*/SET SCHEMA PUBLIC
CONNECT USER SA
SET AUTOCOMMIT FALSE
SET AUTOCOMMIT TRUE
SET AUTOCOMMIT FALSE
DISCONNECT
/*C56*/DISCONNECT
/*C58*/SET SCHEMA PUBLIC
CONNECT USER SA
SET AUTOCOMMIT FALSE
SET AUTOCOMMIT TRUE
SET AUTOCOMMIT FALSE
/*C59*/SET SCHEMA PUBLIC
CONNECT USER SA
SET AUTOCOMMIT FALSE
SET AUTOCOMMIT TRUE
SET AUTOCOMMIT FALSE
/*C60*/SET SCHEMA PUBLIC
CONNECT USER SA
SET AUTOCOMMIT FALSE
SET AUTOCOMMIT TRUE
SET AUTOCOMMIT FALSE
/*C59*/DISCONNECT
/*C58*/DISCONNECT
/*C60*/DISCONNECT
/*C61*/SET SCHEMA PUBLIC
CONNECT USER SA
SET AUTOCOMMIT FALSE
SET AUTOCOMMIT TRUE
SET AUTOCOMMIT FALSE
DISCONNECT
/*C62*/SET SCHEMA PUBLIC
CONNECT USER SA
SET AUTOCOMMIT FALSE
SET AUTOCOMMIT TRUE
SET AUTOCOMMIT FALSE
